2021-05-11 14:18:34.070 | WARNING  | salmon:<module>:17 - Not found config of "botmanage"
2021-05-11 14:18:34.074 | WARNING  | salmon:<module>:17 - Not found config of "hourcall"
2021-05-11 14:18:34.074 | INFO     | salmon:<module>:15 - Succeeded to load config of "translate"
2021-05-11 14:18:34.075 | WARNING  | salmon:<module>:17 - Not found config of "dice"
2021-05-11 14:18:34.075 | INFO     | salmon:<module>:15 - Succeeded to load config of "mikan"
2021-05-11 14:18:34.076 | INFO     | salmon:<module>:15 - Succeeded to load config of "priconne"
2021-05-11 14:18:34.077 | INFO     | salmon:<module>:15 - Succeeded to load config of "groupmaster"
2021-05-11 14:18:34.078 | INFO     | salmon:<module>:15 - Succeeded to load config of "setu"
2021-05-11 14:18:34.745 | INFO     | nonebot:init:174 - NoneBot is initializing...
2021-05-11 14:18:34.752 | INFO     | nonebot:init:176 - Current Env: dev
2021-05-11 14:18:34.856 | INFO     | nonebot:_load_plugin:1034 - Succeeded to import "alert"
2021-05-11 14:18:34.857 | INFO     | nonebot:_load_plugin:1034 - Succeeded to import "broadcast"
2021-05-11 14:18:34.859 | INFO     | nonebot:_load_plugin:1034 - Succeeded to import "feedback"
2021-05-11 14:18:34.860 | INFO     | nonebot:_load_plugin:1034 - Succeeded to import "group_leave"
2021-05-11 14:18:34.861 | INFO     | nonebot:_load_plugin:1034 - Succeeded to import "help"
2021-05-11 14:18:34.863 | INFO     | nonebot:_load_plugin:1034 - Succeeded to import "ls"
2021-05-11 14:18:34.865 | INFO     | nonebot:_load_plugin:1034 - Succeeded to import "service_manage"
2021-05-11 14:18:35.082 | INFO     | nonebot:_load_plugin:1034 - Succeeded to import "hourcall"
2021-05-11 14:18:35.084 | INFO     | nonebot:_load_plugin:1034 - Succeeded to import "translate"
2021-05-11 14:18:35.086 | INFO     | nonebot:_load_plugin:1034 - Succeeded to import "dice"
2021-05-11 14:18:35.164 | INFO     | nonebot:_load_plugin:1034 - Succeeded to import "mikan"
2021-05-11 14:18:35.235 | WARNING  | arena:<module>:40 - arena_db.json not found, will create when needed.
2021-05-11 14:18:35.240 | INFO     | nonebot:_load_plugin:1034 - Succeeded to import "arena"
2021-05-11 14:18:35.241 | INFO     | nonebot:_load_plugin:1034 - Succeeded to import "arena_reminder"
2021-05-11 14:18:35.245 | INFO     | nonebot:_load_plugin:1034 - Succeeded to import "cherugo"
2021-05-11 14:18:35.249 | INFO     | nonebot:_load_plugin:1034 - Succeeded to import "comic"
2021-05-11 14:18:35.255 | WARNING  | gacha:<module>:41 - group_pool_config.json not found, will create when needed.
2021-05-11 14:18:35.256 | INFO     | nonebot:_load_plugin:1034 - Succeeded to import "gacha"
2021-05-11 14:18:35.272 | INFO     | nonebot:_load_plugin:1034 - Succeeded to import "games"
2021-05-11 14:18:35.273 | INFO     | nonebot:_load_plugin:1034 - Succeeded to import "login_bonus"
2021-05-11 14:18:35.340 | INFO     | nonebot:_load_plugin:1034 - Succeeded to import "news"
2021-05-11 14:18:35.340 | INFO     | nonebot:_load_plugin:1034 - Succeeded to import "pool"
2021-05-11 14:18:35.342 | INFO     | nonebot:_load_plugin:1034 - Succeeded to import "query"
2021-05-11 14:18:35.345 | INFO     | nonebot:_load_plugin:1034 - Succeeded to import "anti_abuse"
2021-05-11 14:18:35.348 | INFO     | nonebot:_load_plugin:1034 - Succeeded to import "antiqks"
2021-05-11 14:18:35.352 | INFO     | nonebot:_load_plugin:1034 - Succeeded to import "chat"
2021-05-11 14:18:35.355 | INFO     | nonebot:_load_plugin:1034 - Succeeded to import "group_notice"
2021-05-11 14:18:35.356 | INFO     | nonebot:_load_plugin:1034 - Succeeded to import "group_request"
2021-05-11 14:18:35.357 | INFO     | nonebot:_load_plugin:1034 - Succeeded to import "random_repeater"
2021-05-11 14:18:35.359 | INFO     | nonebot:_load_plugin:1034 - Succeeded to import "sleeping_set"
2021-05-11 14:18:35.363 | INFO     | nonebot:_load_plugin:1034 - Succeeded to import "setu"
2021-05-11 14:18:35.363 | INFO     | nonebot:run:218 - Running NoneBot...
2021-05-11 14:18:35.400 | INFO     | uvicorn:serve:405 - Started server process [11532]
2021-05-11 14:18:35.400 | INFO     | uvicorn:startup:22 - Waiting for application startup.
2021-05-11 14:18:35.403 | INFO     | nonebot_plugin_apscheduler:_start_scheduler:21 - Scheduler Started
2021-05-11 14:18:35.404 | INFO     | uvicorn:startup:34 - Application startup complete.
2021-05-11 14:18:35.404 | INFO     | uvicorn:startup:492 - Uvicorn running on http://127.0.0.1:8080 (Press CTRL+C to quit)
2021-05-11 14:18:40.121 | INFO     | uvicorn:asgi_send:182 - ('127.0.0.1', 57507) - "WebSocket /cqhttp/ws" [accepted]
2021-05-11 14:18:40.122 | INFO     | nonebot:_handle_ws_reverse:234 - WebSocket Connection from CQHTTP Bot 3235657949 Accepted!
2021-05-11 14:19:09.960 | INFO     | nonebot:handle_event:202 - CQHTTP 3235657949 | [message.private.friend]: Message 346387570 from 1351495774 "granbluefantasy.jp"
2021-05-11 14:20:00.714 | INFO     | nonebot:handle_event:202 - CQHTTP 3235657949 | [message.private.friend]: Message -1967005231 from 1351495774 "爬"
2021-05-11 14:20:00.720 | INFO     | nonebot:_run_matcher:131 - Event will be handled by <Matcher from anti_abuse, type=message, priority=1, temp=False>
2021-05-11 14:20:00.966 | CRITICAL | anti_abuse:ban_word:23 - Self: 3235657949, Message -1967005231 from 1351495774: 
2021-05-11 14:20:01.237 | INFO     | salmon:wrapper:15 - Scheduled job pcr_news_poller start.
2021-05-11 14:20:01.273 | INFO     | nonebot:run:561 - Matcher <Matcher from anti_abuse, type=message, priority=1, temp=False> running complete
2021-05-11 14:20:02.070 | INFO     | news:news_poller:87 - 台服官网新闻缓存为空，已加载至最新
2021-05-11 14:20:02.166 | INFO     | news:news_poller:87 - B服官网新闻缓存为空，已加载至最新
2021-05-11 14:20:02.166 | INFO     | salmon:wrapper:17 - Scheduled job pcr_news_poller completed.
2021-05-11 14:20:25.001 | INFO     | salmon:wrapper:15 - Scheduled job update_seeker start.
2021-05-11 14:20:25.585 | INFO     | comic:update_seeker:134 - 未检测到官漫更新
2021-05-11 14:20:25.590 | INFO     | salmon:wrapper:17 - Scheduled job update_seeker completed.
2021-05-11 14:21:10.165 | WARNING  | salmon:<module>:17 - Not found config of "dice"
2021-05-11 14:21:10.166 | INFO     | salmon:<module>:15 - Succeeded to load config of "priconne"
2021-05-11 14:21:10.167 | WARNING  | salmon:<module>:17 - Not found config of "hourcall"
2021-05-11 14:21:10.167 | WARNING  | salmon:<module>:17 - Not found config of "botmanage"
2021-05-11 14:21:10.167 | INFO     | salmon:<module>:15 - Succeeded to load config of "groupmaster"
2021-05-11 14:21:10.167 | INFO     | salmon:<module>:15 - Succeeded to load config of "translate"
2021-05-11 14:21:10.168 | INFO     | salmon:<module>:15 - Succeeded to load config of "setu"
2021-05-11 14:21:10.168 | INFO     | salmon:<module>:15 - Succeeded to load config of "mikan"
2021-05-11 14:21:10.536 | INFO     | nonebot:init:174 - NoneBot is initializing...
2021-05-11 14:21:10.539 | INFO     | nonebot:init:176 - Current Env: dev
2021-05-11 14:21:10.610 | INFO     | nonebot:_load_plugin:1034 - Succeeded to import "dice"
2021-05-11 14:21:10.693 | WARNING  | arena:<module>:40 - arena_db.json not found, will create when needed.
2021-05-11 14:21:10.695 | INFO     | nonebot:_load_plugin:1034 - Succeeded to import "arena"
2021-05-11 14:21:10.776 | INFO     | nonebot:_load_plugin:1034 - Succeeded to import "arena_reminder"
2021-05-11 14:21:10.778 | INFO     | nonebot:_load_plugin:1034 - Succeeded to import "cherugo"
2021-05-11 14:21:10.778 | INFO     | nonebot:_load_plugin:1034 - Succeeded to import "comic"
2021-05-11 14:21:10.780 | WARNING  | gacha:<module>:41 - group_pool_config.json not found, will create when needed.
2021-05-11 14:21:10.781 | INFO     | nonebot:_load_plugin:1034 - Succeeded to import "gacha"
2021-05-11 14:21:10.784 | INFO     | nonebot:_load_plugin:1034 - Succeeded to import "games"
2021-05-11 14:21:10.785 | INFO     | nonebot:_load_plugin:1034 - Succeeded to import "login_bonus"
2021-05-11 14:21:10.844 | INFO     | nonebot:_load_plugin:1034 - Succeeded to import "news"
2021-05-11 14:21:10.845 | INFO     | nonebot:_load_plugin:1034 - Succeeded to import "pool"
2021-05-11 14:21:10.846 | INFO     | nonebot:_load_plugin:1034 - Succeeded to import "query"
2021-05-11 14:21:10.905 | INFO     | nonebot:_load_plugin:1034 - Succeeded to import "hourcall"
2021-05-11 14:21:10.906 | INFO     | nonebot:_load_plugin:1034 - Succeeded to import "alert"
2021-05-11 14:21:10.907 | INFO     | nonebot:_load_plugin:1034 - Succeeded to import "broadcast"
2021-05-11 14:21:10.907 | INFO     | nonebot:_load_plugin:1034 - Succeeded to import "feedback"
2021-05-11 14:21:10.908 | INFO     | nonebot:_load_plugin:1034 - Succeeded to import "group_leave"
2021-05-11 14:21:10.908 | INFO     | nonebot:_load_plugin:1034 - Succeeded to import "help"
2021-05-11 14:21:10.909 | INFO     | nonebot:_load_plugin:1034 - Succeeded to import "ls"
2021-05-11 14:21:10.910 | INFO     | nonebot:_load_plugin:1034 - Succeeded to import "service_manage"
2021-05-11 14:21:10.913 | INFO     | nonebot:_load_plugin:1034 - Succeeded to import "anti_abuse"
2021-05-11 14:21:10.914 | INFO     | nonebot:_load_plugin:1034 - Succeeded to import "antiqks"
2021-05-11 14:21:10.915 | INFO     | nonebot:_load_plugin:1034 - Succeeded to import "chat"
2021-05-11 14:21:10.916 | INFO     | nonebot:_load_plugin:1034 - Succeeded to import "group_notice"
2021-05-11 14:21:10.916 | INFO     | nonebot:_load_plugin:1034 - Succeeded to import "group_request"
2021-05-11 14:21:10.917 | INFO     | nonebot:_load_plugin:1034 - Succeeded to import "random_repeater"
2021-05-11 14:21:10.917 | INFO     | nonebot:_load_plugin:1034 - Succeeded to import "sleeping_set"
2021-05-11 14:21:10.919 | INFO     | nonebot:_load_plugin:1034 - Succeeded to import "translate"
2021-05-11 14:21:10.921 | INFO     | nonebot:_load_plugin:1034 - Succeeded to import "setu"
2021-05-11 14:21:10.922 | INFO     | nonebot:_load_plugin:1034 - Succeeded to import "mikan"
2021-05-11 14:21:10.922 | INFO     | nonebot:run:218 - Running NoneBot...
2021-05-11 14:21:10.944 | INFO     | uvicorn:serve:405 - Started server process [18204]
2021-05-11 14:21:10.944 | INFO     | uvicorn:startup:22 - Waiting for application startup.
2021-05-11 14:21:10.947 | INFO     | nonebot_plugin_apscheduler:_start_scheduler:21 - Scheduler Started
2021-05-11 14:21:10.947 | INFO     | uvicorn:startup:34 - Application startup complete.
2021-05-11 14:21:10.948 | INFO     | uvicorn:startup:492 - Uvicorn running on http://127.0.0.1:8080 (Press CTRL+C to quit)
2021-05-11 14:21:13.125 | INFO     | uvicorn:asgi_send:182 - ('127.0.0.1', 57569) - "WebSocket /cqhttp/ws" [accepted]
2021-05-11 14:21:13.126 | INFO     | nonebot:_handle_ws_reverse:234 - WebSocket Connection from CQHTTP Bot 3235657949 Accepted!
2021-05-11 14:21:15.001 | INFO     | salmon:wrapper:15 - Scheduled job mikan_poller start.
2021-05-11 14:21:16.825 | INFO     | mikan:mikan_poller:84 - 订阅缓存为空，已加载至最新
2021-05-11 14:21:16.826 | INFO     | salmon:wrapper:17 - Scheduled job mikan_poller completed.
2021-05-11 14:21:21.857 | INFO     | nonebot:handle_event:202 - CQHTTP 3235657949 | [message.private.friend]: Message -1429312134 from 1351495774 "Kkp"
2021-05-11 14:21:25.938 | INFO     | nonebot:handle_event:202 - CQHTTP 3235657949 | [message.private.friend]: Message -574005780 from 1351495774 "kkp"
2021-05-11 14:21:25.944 | INFO     | nonebot:_run_matcher:131 - Event will be handled by <Matcher from anti_abuse, type=message, priority=1, temp=False>
2021-05-11 14:21:26.153 | CRITICAL | anti_abuse:ban_word:23 - Self: 3235657949, Message -574005780 from 1351495774: 
2021-05-11 14:21:26.365 | INFO     | nonebot:run:561 - Matcher <Matcher from anti_abuse, type=message, priority=1, temp=False> running complete
2021-05-11 14:24:15.001 | INFO     | salmon:wrapper:15 - Scheduled job mikan_poller start.
2021-05-11 14:24:16.894 | INFO     | mikan:mikan_poller:88 - 未检索到番剧更新！
2021-05-11 14:24:16.895 | INFO     | salmon:wrapper:17 - Scheduled job mikan_poller completed.
2021-05-11 14:25:16.552 | INFO     | salmon:wrapper:15 - Scheduled job pcr_news_poller start.
2021-05-11 14:25:17.120 | INFO     | news:news_poller:87 - 台服官网新闻缓存为空，已加载至最新
2021-05-11 14:25:17.188 | INFO     | news:news_poller:87 - B服官网新闻缓存为空，已加载至最新
2021-05-11 14:25:17.188 | INFO     | salmon:wrapper:17 - Scheduled job pcr_news_poller completed.
2021-05-11 14:25:25.001 | INFO     | salmon:wrapper:15 - Scheduled job update_seeker start.
2021-05-11 14:25:25.530 | INFO     | comic:update_seeker:134 - 未检测到官漫更新
2021-05-11 14:25:25.533 | INFO     | salmon:wrapper:17 - Scheduled job update_seeker completed.
2021-05-11 14:27:15.001 | INFO     | salmon:wrapper:15 - Scheduled job mikan_poller start.
2021-05-11 14:27:17.821 | INFO     | mikan:mikan_poller:88 - 未检索到番剧更新！
2021-05-11 14:27:17.822 | INFO     | salmon:wrapper:17 - Scheduled job mikan_poller completed.
2021-05-11 14:30:15.001 | INFO     | salmon:wrapper:15 - Scheduled job mikan_poller start.
2021-05-11 14:30:19.047 | INFO     | mikan:mikan_poller:88 - 未检索到番剧更新！
2021-05-11 14:30:19.048 | INFO     | salmon:wrapper:17 - Scheduled job mikan_poller completed.
2021-05-11 14:30:19.719 | INFO     | salmon:wrapper:15 - Scheduled job pcr_news_poller start.
2021-05-11 14:30:20.329 | INFO     | news:news_poller:91 - 未检索到台服官网新闻更新
2021-05-11 14:30:20.413 | INFO     | news:news_poller:91 - 未检索到B服官网新闻更新
2021-05-11 14:30:20.414 | INFO     | salmon:wrapper:17 - Scheduled job pcr_news_poller completed.
2021-05-11 14:30:25.001 | INFO     | salmon:wrapper:15 - Scheduled job update_seeker start.
2021-05-11 14:30:25.448 | INFO     | comic:update_seeker:134 - 未检测到官漫更新
2021-05-11 14:30:25.450 | INFO     | salmon:wrapper:17 - Scheduled job update_seeker completed.
2021-05-11 14:33:15.006 | INFO     | salmon:wrapper:15 - Scheduled job mikan_poller start.
2021-05-11 14:33:16.710 | INFO     | mikan:mikan_poller:88 - 未检索到番剧更新！
2021-05-11 14:33:16.711 | INFO     | salmon:wrapper:17 - Scheduled job mikan_poller completed.
2021-05-11 14:35:01.029 | INFO     | salmon:wrapper:15 - Scheduled job pcr_news_poller start.
2021-05-11 14:35:01.634 | INFO     | news:news_poller:91 - 未检索到台服官网新闻更新
2021-05-11 14:35:01.741 | INFO     | news:news_poller:91 - 未检索到B服官网新闻更新
2021-05-11 14:35:01.742 | INFO     | salmon:wrapper:17 - Scheduled job pcr_news_poller completed.
2021-05-11 14:35:25.001 | INFO     | salmon:wrapper:15 - Scheduled job update_seeker start.
2021-05-11 14:35:25.303 | INFO     | comic:update_seeker:134 - 未检测到官漫更新
2021-05-11 14:35:25.306 | INFO     | salmon:wrapper:17 - Scheduled job update_seeker completed.
2021-05-11 14:36:15.002 | INFO     | salmon:wrapper:15 - Scheduled job mikan_poller start.
2021-05-11 14:36:17.219 | INFO     | mikan:mikan_poller:88 - 未检索到番剧更新！
2021-05-11 14:36:17.220 | INFO     | salmon:wrapper:17 - Scheduled job mikan_poller completed.
2021-05-11 14:39:15.001 | INFO     | salmon:wrapper:15 - Scheduled job mikan_poller start.
2021-05-11 14:39:17.384 | INFO     | mikan:mikan_poller:88 - 未检索到番剧更新！
2021-05-11 14:39:17.385 | INFO     | salmon:wrapper:17 - Scheduled job mikan_poller completed.
2021-05-11 14:40:19.609 | INFO     | salmon:wrapper:15 - Scheduled job pcr_news_poller start.
2021-05-11 14:40:20.356 | INFO     | news:news_poller:91 - 未检索到台服官网新闻更新
2021-05-11 14:40:20.448 | INFO     | news:news_poller:91 - 未检索到B服官网新闻更新
2021-05-11 14:40:20.448 | INFO     | salmon:wrapper:17 - Scheduled job pcr_news_poller completed.
2021-05-11 14:40:25.010 | INFO     | salmon:wrapper:15 - Scheduled job update_seeker start.
2021-05-11 14:40:25.441 | INFO     | comic:update_seeker:134 - 未检测到官漫更新
2021-05-11 14:40:25.443 | INFO     | salmon:wrapper:17 - Scheduled job update_seeker completed.
2021-05-11 18:58:39.531 | INFO     | salmon:<module>:15 - Succeeded to load config of "priconne"
2021-05-11 18:58:39.532 | WARNING  | salmon:<module>:17 - Not found config of "hourcall"
2021-05-11 18:58:39.533 | INFO     | salmon:<module>:15 - Succeeded to load config of "translate"
2021-05-11 18:58:39.533 | INFO     | salmon:<module>:15 - Succeeded to load config of "mikan"
2021-05-11 18:58:39.533 | INFO     | salmon:<module>:15 - Succeeded to load config of "setu"
2021-05-11 18:58:39.534 | WARNING  | salmon:<module>:17 - Not found config of "botmanage"
2021-05-11 18:58:39.534 | INFO     | salmon:<module>:15 - Succeeded to load config of "groupmaster"
2021-05-11 18:58:39.534 | WARNING  | salmon:<module>:17 - Not found config of "dice"
2021-05-11 18:58:39.913 | INFO     | nonebot:init:174 - NoneBot is initializing...
2021-05-11 18:58:39.917 | INFO     | nonebot:init:176 - Current Env: dev
2021-05-11 18:58:40.078 | WARNING  | arena:<module>:40 - arena_db.json not found, will create when needed.
2021-05-11 18:58:40.080 | INFO     | nonebot:_load_plugin:1034 - Succeeded to import "arena"
2021-05-11 18:58:40.160 | INFO     | nonebot:_load_plugin:1034 - Succeeded to import "arena_reminder"
2021-05-11 18:58:40.164 | INFO     | nonebot:_load_plugin:1034 - Succeeded to import "cherugo"
2021-05-11 18:58:40.165 | INFO     | nonebot:_load_plugin:1034 - Succeeded to import "comic"
2021-05-11 18:58:40.171 | WARNING  | gacha:<module>:41 - group_pool_config.json not found, will create when needed.
2021-05-11 18:58:40.174 | INFO     | nonebot:_load_plugin:1034 - Succeeded to import "gacha"
2021-05-11 18:58:40.180 | INFO     | nonebot:_load_plugin:1034 - Succeeded to import "games"
2021-05-11 18:58:40.183 | INFO     | nonebot:_load_plugin:1034 - Succeeded to import "login_bonus"
2021-05-11 18:58:40.240 | INFO     | nonebot:_load_plugin:1034 - Succeeded to import "news"
2021-05-11 18:58:40.241 | INFO     | nonebot:_load_plugin:1034 - Succeeded to import "pool"
2021-05-11 18:58:40.246 | INFO     | nonebot:_load_plugin:1034 - Succeeded to import "query"
2021-05-11 18:58:40.303 | INFO     | nonebot:_load_plugin:1034 - Succeeded to import "hourcall"
2021-05-11 18:58:40.307 | INFO     | nonebot:_load_plugin:1034 - Succeeded to import "translate"
2021-05-11 18:58:40.309 | INFO     | nonebot:_load_plugin:1034 - Succeeded to import "mikan"
2021-05-11 18:58:40.313 | INFO     | nonebot:_load_plugin:1034 - Succeeded to import "setu"
2021-05-11 18:58:40.314 | INFO     | nonebot:_load_plugin:1034 - Succeeded to import "alert"
2021-05-11 18:58:40.314 | INFO     | nonebot:_load_plugin:1034 - Succeeded to import "broadcast"
2021-05-11 18:58:40.315 | INFO     | nonebot:_load_plugin:1034 - Succeeded to import "feedback"
2021-05-11 18:58:40.316 | INFO     | nonebot:_load_plugin:1034 - Succeeded to import "group_leave"
2021-05-11 18:58:40.317 | INFO     | nonebot:_load_plugin:1034 - Succeeded to import "help"
2021-05-11 18:58:40.318 | INFO     | nonebot:_load_plugin:1034 - Succeeded to import "ls"
2021-05-11 18:58:40.319 | INFO     | nonebot:_load_plugin:1034 - Succeeded to import "service_manage"
2021-05-11 18:58:40.322 | INFO     | nonebot:_load_plugin:1034 - Succeeded to import "anti_abuse"
2021-05-11 18:58:40.322 | INFO     | nonebot:_load_plugin:1034 - Succeeded to import "antiqks"
2021-05-11 18:58:40.323 | INFO     | nonebot:_load_plugin:1034 - Succeeded to import "chat"
2021-05-11 18:58:40.324 | INFO     | nonebot:_load_plugin:1034 - Succeeded to import "group_notice"
2021-05-11 18:58:40.325 | INFO     | nonebot:_load_plugin:1034 - Succeeded to import "group_request"
2021-05-11 18:58:40.326 | INFO     | nonebot:_load_plugin:1034 - Succeeded to import "random_repeater"
2021-05-11 18:58:40.327 | INFO     | nonebot:_load_plugin:1034 - Succeeded to import "sleeping_set"
2021-05-11 18:58:40.328 | INFO     | nonebot:_load_plugin:1034 - Succeeded to import "dice"
2021-05-11 18:58:40.328 | INFO     | nonebot:run:218 - Running NoneBot...
2021-05-11 18:58:40.351 | INFO     | uvicorn:serve:405 - Started server process [17068]
2021-05-11 18:58:40.352 | INFO     | uvicorn:startup:22 - Waiting for application startup.
2021-05-11 18:58:40.354 | INFO     | nonebot_plugin_apscheduler:_start_scheduler:21 - Scheduler Started
2021-05-11 18:58:40.354 | INFO     | uvicorn:startup:34 - Application startup complete.
2021-05-11 18:58:40.355 | INFO     | uvicorn:startup:492 - Uvicorn running on http://127.0.0.1:8080 (Press CTRL+C to quit)
2021-05-11 18:59:03.115 | INFO     | uvicorn:asgi_send:182 - ('127.0.0.1', 62653) - "WebSocket /cqhttp/ws" [accepted]
2021-05-11 18:59:03.116 | INFO     | nonebot:_handle_ws_reverse:234 - WebSocket Connection from CQHTTP Bot 3235657949 Accepted!
2021-05-11 18:59:34.965 | INFO     | nonebot:handle_event:202 - CQHTTP 3235657949 | [message.group.normal]: Message 1007066371 from 1351495774@[群:1128254624] "酒鬼充电"
2021-05-11 18:59:34.971 | INFO     | nonebot:_run_matcher:131 - Event will be handled by <Matcher from games, type=message, priority=1, temp=False>
2021-05-11 18:59:34.972 | INFO     | nonebot:run:561 - Matcher <Matcher from games, type=message, priority=1, temp=False> running complete
2021-05-11 18:59:34.972 | INFO     | nonebot:_run_matcher:131 - Event will be handled by <Matcher from games, type=message, priority=1, temp=False>
2021-05-11 18:59:34.973 | INFO     | nonebot:run:561 - Matcher <Matcher from games, type=message, priority=1, temp=False> running complete
2021-05-11 18:59:34.973 | INFO     | nonebot:_run_matcher:131 - Event will be handled by <Matcher from query, type=message, priority=1, temp=False>
2021-05-11 18:59:34.975 | INFO     | nonebot:_run_matcher:131 - Event will be handled by <Matcher from random_repeater, type=message, priority=1, temp=False>
2021-05-11 18:59:34.976 | INFO     | nonebot:run:561 - Matcher <Matcher from random_repeater, type=message, priority=1, temp=False> running complete
2021-05-11 18:59:35.476 | INFO     | nonebot:handle_event:202 - CQHTTP 3235657949 | [message.group.normal]: Message -608260092 from 2842117629@[群:1128254624] "[CQ:at,qq=1351495774]  
[CQ:image,file=8906515b20f66017e18ac4ee915a0a0b.image,url=http://gchat.qpic.cn/gchatpic_new/2842117629/1128254624-2969527451-8906515B20F66017E18AC4EE915A0A0B/0?term=3]
※大圈是1动充电对象 PvP测试
※黄骑四号位例外较多
※对面羊驼或中后卫坦 有可能歪
※我方羊驼算一号位
※图片搬运自漪夢奈特"
2021-05-11 18:59:35.483 | INFO     | nonebot:_run_matcher:131 - Event will be handled by <Matcher from games, type=message, priority=1, temp=False>
2021-05-11 18:59:35.484 | INFO     | nonebot:run:561 - Matcher <Matcher from games, type=message, priority=1, temp=False> running complete
2021-05-11 18:59:35.484 | INFO     | nonebot:_run_matcher:131 - Event will be handled by <Matcher from games, type=message, priority=1, temp=False>
2021-05-11 18:59:35.485 | INFO     | nonebot:run:561 - Matcher <Matcher from games, type=message, priority=1, temp=False> running complete
2021-05-11 18:59:35.485 | INFO     | nonebot:_run_matcher:131 - Event will be handled by <Matcher from random_repeater, type=message, priority=1, temp=False>
2021-05-11 18:59:35.486 | INFO     | nonebot:run:561 - Matcher <Matcher from random_repeater, type=message, priority=1, temp=False> running complete
2021-05-11 18:59:36.156 | INFO     | nonebot:run:561 - Matcher <Matcher from query, type=message, priority=1, temp=False> running complete
2021-05-11 18:59:58.293 | INFO     | nonebot:handle_event:202 - CQHTTP 3235657949 | [message.group.normal]: Message 273025753 from 1351495774@[群:1128254624] "一井"
2021-05-11 18:59:58.297 | INFO     | nonebot:_run_matcher:131 - Event will be handled by <Matcher from gacha, type=message, priority=1, temp=False>
2021-05-11 18:59:58.300 | INFO     | nonebot:_run_matcher:131 - Event will be handled by <Matcher from games, type=message, priority=1, temp=False>
2021-05-11 18:59:58.300 | INFO     | nonebot:run:561 - Matcher <Matcher from games, type=message, priority=1, temp=False> running complete
2021-05-11 18:59:58.300 | INFO     | nonebot:_run_matcher:131 - Event will be handled by <Matcher from games, type=message, priority=1, temp=False>
2021-05-11 18:59:58.301 | INFO     | nonebot:run:561 - Matcher <Matcher from games, type=message, priority=1, temp=False> running complete
2021-05-11 18:59:58.301 | INFO     | nonebot:_run_matcher:131 - Event will be handled by <Matcher from random_repeater, type=message, priority=1, temp=False>
2021-05-11 18:59:58.302 | INFO     | nonebot:run:561 - Matcher <Matcher from random_repeater, type=message, priority=1, temp=False> running complete
2021-05-11 19:00:00.001 | INFO     | salmon:wrapper:15 - Scheduled job hour_call start.
2021-05-11 19:00:00.115 | INFO     | nonebot:run:561 - Matcher <Matcher from gacha, type=message, priority=1, temp=False> running complete
2021-05-11 19:00:00.225 | INFO     | salmon:wrapper:17 - Scheduled job hour_call completed.
2021-05-11 19:00:12.751 | INFO     | salmon:wrapper:15 - Scheduled job pcr_news_poller start.
2021-05-11 19:00:13.384 | INFO     | news:news_poller:87 - 台服官网新闻缓存为空，已加载至最新
2021-05-11 19:00:13.445 | INFO     | news:news_poller:87 - B服官网新闻缓存为空，已加载至最新
2021-05-11 19:00:13.445 | INFO     | salmon:wrapper:17 - Scheduled job pcr_news_poller completed.
2021-05-11 19:00:13.646 | INFO     | nonebot:handle_event:202 - CQHTTP 3235657949 | [message.group.normal]: Message -114970644 from 1351495774@[群:1128254624] "一井"
2021-05-11 19:00:13.652 | INFO     | nonebot:_run_matcher:131 - Event will be handled by <Matcher from gacha, type=message, priority=1, temp=False>
2021-05-11 19:00:13.654 | INFO     | nonebot:_run_matcher:131 - Event will be handled by <Matcher from games, type=message, priority=1, temp=False>
2021-05-11 19:00:13.654 | INFO     | nonebot:run:561 - Matcher <Matcher from games, type=message, priority=1, temp=False> running complete
2021-05-11 19:00:13.655 | INFO     | nonebot:_run_matcher:131 - Event will be handled by <Matcher from games, type=message, priority=1, temp=False>
2021-05-11 19:00:13.655 | INFO     | nonebot:run:561 - Matcher <Matcher from games, type=message, priority=1, temp=False> running complete
2021-05-11 19:00:13.656 | INFO     | nonebot:_run_matcher:131 - Event will be handled by <Matcher from random_repeater, type=message, priority=1, temp=False>
2021-05-11 19:00:13.656 | INFO     | nonebot:run:561 - Matcher <Matcher from random_repeater, type=message, priority=1, temp=False> running complete
2021-05-11 19:00:14.143 | INFO     | nonebot:run:561 - Matcher <Matcher from gacha, type=message, priority=1, temp=False> running complete
2021-05-11 19:00:15.001 | INFO     | salmon:wrapper:15 - Scheduled job mikan_poller start.
2021-05-11 19:00:16.769 | INFO     | mikan:mikan_poller:84 - 订阅缓存为空，已加载至最新
2021-05-11 19:00:16.770 | INFO     | salmon:wrapper:17 - Scheduled job mikan_poller completed.
2021-05-11 19:00:25.012 | INFO     | salmon:wrapper:15 - Scheduled job update_seeker start.
2021-05-11 19:00:25.427 | INFO     | comic:update_seeker:137 - 发现更新 id=270
2021-05-11 19:00:25.429 | INFO     | comic:download_comic:92 - getting comic 270 ...
2021-05-11 19:00:25.429 | INFO     | comic:download_comic:94 - url=https://comic.priconne-redive.jp/api/detail/270
2021-05-11 19:00:25.740 | INFO     | comic:download_comic:96 - status_code=200
2021-05-11 19:00:25.740 | INFO     | comic:download_comic:105 - episode={'title': '過去に戻れたら…', 'link': 'https://comic.priconne-redive.jp/media/cartoon/image/26e2a3cf11826219f4c88887a877d1b4.png?id=270'}
2021-05-11 19:00:25.741 | INFO     | comic:download_img:71 - download_img from https://comic.priconne-redive.jp/media/cartoon/image/26e2a3cf11826219f4c88887a877d1b4.png?id=270
2021-05-11 19:00:27.031 | INFO     | comic:download_img:73 - status_code=200
2021-05-11 19:00:27.031 | INFO     | comic:download_img:76 - is image, saving to C:/bot/res/img\priconne\comic\episode_267.png
2021-05-11 19:00:27.034 | INFO     | comic:download_img:79 - saved!
2021-05-11 19:00:28.447 | INFO     | salmon:info:32 - pcr-comic | 3235657949在群1128254624投递PCR官方四格成功
2021-05-11 19:00:29.791 | INFO     | salmon:info:32 - pcr-comic | 3235657949在群961581611投递PCR官方四格成功
2021-05-11 19:00:29.793 | INFO     | salmon:wrapper:17 - Scheduled job update_seeker completed.
